Log started at 01.01.2023	18:55:22
Number of used processors (NPROC): 12.
Number of mesh partitions (NPART): 12.
Total Physical Memory = 15.82 Gb, Available Physical Memory = 3.23 Gb
Computer name:	MSI
Operating system:	Windows 10 (or higher) (Version 10.0.19045)

SOLIDWORKS 2022 SP3.1
Flow Simulation 2022  x64 / 5593

Project: C:\Users\emjan\Documents\GitHub\Dissertation_Workspace\CFD\2\2.xmlconfig
Configuration name: Default
Project name: Project(1)
Problem type: external-type
Exclude cavities without flow conditions: OFF
NGK: OFF
MBO: OFF
-----------------------------------------------------------------------
Mesher option run = eRunMesherNormal
-----------------------------------------------------------------------

Mesh generation started:	1.1.2023	18:55:22
-----------------------------------------------------------------------
Memory Working Set Current = 17.88 Mb, Memory Working Set Peak = 17.88 Mb
Process Threads Number: 4
-----------------------------------------------------------------------
Mesher adjust APD = OFF; AdjustAPD_method=0; N_per_Channel = 0; N2_per_Channel = 0
Current CPU = 0 sec
-----------------------------------------------------------------------
Geometries initialization:
-----------------------------------------------------------------------
Loading mesh settings (global/local)...
-----------------------------------------------------------------------
Number of geometries from DB: 1
Geometry(0):
	Guid = {00000000-0000-0000-0000-000000000000}
	Fluid..
	1 Body.
	1 Real body.
	-- Bodyset 0 --
		Tolerance=1.73205e-05.
		3 Face(s).
			3 of b-spline type.
		0 Face(s) that have no ref faces
		2 Plane surface(s).
		1 Cylinder surface(s).
		678 Triangle(s).
		Getting triangle connectivities from DB: 0.000 s
		2 Edge(s).
			2 of b-spline type.
		BodyGeom reading: 0.005 s.
		339 Reference Triangles.
		Getting triangle connectivities from DB (Ref): 0.000 s
		BodyGeom Ref reading: 0.000 s.
Geometry(1):
	Solid.
	-- Bodyset 1 --
	Empty
-----------------------------------------------------------------------
Number of geometries in task: 2
Number of bodysets   in task: 2
-----------------------------------------------------------------------
BodySet (0):
	Making hash and connectivity for Bodyset ...
		CBodyGeom:
		Hash size: {93, 4, 64}.
		Mesh size: {93, 1, 64}.
		Hashing triangles...Ok.
			axis(0) tr sizes: average=36 max=177
			axis(1) tr sizes: average=6 max=339
			axis(2) tr sizes: average=34 max=176
		Number of t-connected sets:1 (cavity=0)
		CBodyGeomRef:
		Hashing triangles...Ok.
			axis(0) tr sizes: average=9 max=20
			axis(1) tr sizes: average=3 max=4
			axis(2) tr sizes: average=7 max=22
	0.0481 s.
Geometries reading and preparing has taken 0.055 s.
-----------------------------------------------------------------------
Mapped triangles:
Hashing rough geometry(bodies) triangulation:
BodySet (0):
	Triangles num=678
	Triangles box={-0.0499978 ,0.0499978 ,0.03998 ,0.06002 ,-0.05 ,0.05}
		3d-hash size is 25652 bytes
BodySet (1):
Empty

Mapped triangles processed in 0.052 s.
-----------------------------------------------------------------------
-----------------------------------------------------------------------
Getting sectors:
Number of sectors: 0
-----------------------------------------------------------------------
-----------------------------------------------------------------------

Current CPU = 1 sec
-----------------------------------------------------------------------
Memory Working Set Current = 23.04 Mb, Memory Working Set Peak = 23.45 Mb
Process Threads Number: 15
-----------------------------------------------------------------------
-----------------------------------------------------------------------
Checking faces on CD...
FCD = [0 0 0 0 0 0]
FCD_conflicts = 0
Time (check faces on CD)=0.000 s
-----------------------------------------------------------------------

-----------------------------------------------------------------------
Mesh dimensions:
				I[0 ]=93
				I[1 ]=1
				I[2 ]=64

Comp. domain size:
				a[0  ]=-0.35
				a[1  ]=0.55
				a[2  ]=0.04
				a[3  ]=0.06
				a[4  ]=-0.35
				a[5  ]=0.35

Fluid calculated			1
Solid calculated			0
-----------------------------------------------------------------------
MESH Build started...
-----------------------------------------------------------------------
Mesh LEVEL = 1
-----------------------------------------------------------------------
-----------------------------------------------------------------------
CPT-mode xeps:
	D / dh / eps [axis=0] = (0.9, 0.00342051, 3.42051e-06)
	D / dh / eps [axis=1] = (0.02, 0.01, 1e-05)
	D / dh / eps [axis=2] = (0.7, 0.00322591, 3.22591e-06)
-----------------------------------------------------------------------
Initial allocation and brick-body-box intersection...OK (0.000 s)
Initial triangle brick intersection...OK (0.000 s)
Setting regions (5952 / 5952)...OK (0.000 s)
-----------------------------------------------------------------------
Base mesh info:
	2D axis = 1
	Nx=93
	Ny=1
	Nz=64
	N(Nx*Ny*Nz) = 93
	Period    axis=[0, 0, 0]
	Symmetry  ni=[0 0 1 1 0 0]
	ZoomingBC ni=[0 0 0 0 0 0]
	Nx=93
		x[0]=-0.35
		x[1]=-0.330401
		x[2]=-0.311723
		x[3]=-0.293916
		x[4]=-0.27694
		x[5]=-0.260757
		x[6]=-0.245328
		x[7]=-0.230619
		x[8]=-0.216596
		x[9]=-0.203228
		x[10]=-0.190483
		x[11]=-0.178333
		x[12]=-0.16675
		x[13]=-0.155707
		x[14]=-0.14518
		x[15]=-0.135143
		x[16]=-0.125575
		x[17]=-0.116454
		x[18]=-0.107758
		x[19]=-0.0994674
		x[20]=-0.0915639
		x[21]=-0.0840291
		x[22]=-0.0768459
		x[23]=-0.0699978
		x[24]=-0.0629978
		x[25]=-0.0559978
		x[26]=-0.0489978
		x[27]=-0.0419978
		x[28]=-0.0349978
		x[29]=-0.0279978
		x[30]=-0.0209978
		x[31]=-0.0139978
		x[32]=-0.0069978
		x[33]=2.19842e-06
		x[34]=0.00694663
		x[35]=0.0138911
		x[36]=0.0208355
		x[37]=0.02778
		x[38]=0.0347244
		x[39]=0.0416688
		x[40]=0.0486133
		x[41]=0.0555577
		x[42]=0.0625022
		x[43]=0.0694466
		x[44]=0.0763911
		x[45]=0.0833355
		x[46]=0.09028
		x[47]=0.0972244
		x[48]=0.104169
		x[49]=0.111113
		x[50]=0.118058
		x[51]=0.125002
		x[52]=0.131947
		x[53]=0.138891
		x[54]=0.145836
		x[55]=0.15278
		x[56]=0.159724
		x[57]=0.166669
		x[58]=0.173613
		x[59]=0.180558
		x[60]=0.187502
		x[61]=0.194447
		x[62]=0.201391
		x[63]=0.208336
		x[64]=0.21528
		x[65]=0.222224
		x[66]=0.229169
		x[67]=0.236113
		x[68]=0.243058
		x[69]=0.250002
		x[70]=0.256843
		x[71]=0.264019
		x[72]=0.271545
		x[73]=0.279439
		x[74]=0.287719
		x[75]=0.296404
		x[76]=0.305513
		x[77]=0.315068
		x[78]=0.325089
		x[79]=0.335601
		x[80]=0.346626
		x[81]=0.35819
		x[82]=0.370319
		x[83]=0.383041
		x[84]=0.396385
		x[85]=0.410382
		x[86]=0.425062
		x[87]=0.44046
		x[88]=0.456611
		x[89]=0.473551
		x[90]=0.491319
		x[91]=0.509956
		x[92]=0.529503
		x[93]=0.55
	Ny=1
		y[0]=0.04
		y[1]=0.06
	Nz=64
		z[0]=-0.35
		z[1]=-0.329961
		z[2]=-0.31085
		z[3]=-0.292621
		z[4]=-0.275233
		z[5]=-0.258646
		z[6]=-0.242824
		z[7]=-0.227731
		z[8]=-0.213335
		z[9]=-0.199602
		z[10]=-0.186503
		z[11]=-0.174008
		z[12]=-0.162089
		z[13]=-0.150719
		z[14]=-0.139874
		z[15]=-0.129529
		z[16]=-0.119661
		z[17]=-0.110247
		z[18]=-0.101268
		z[19]=-0.0927034
		z[20]=-0.0845333
		z[21]=-0.07674
		z[22]=-0.0693061
		z[23]=-0.0622149
		z[24]=-0.0554508
		z[25]=-0.0489985
		z[26]=-0.0419984
		z[27]=-0.0349984
		z[28]=-0.0279984
		z[29]=-0.0209984
		z[30]=-0.0139984
		z[31]=-0.00699839
		z[32]=1.61144e-06
		z[33]=0.00700161
		z[34]=0.0140016
		z[35]=0.0210016
		z[36]=0.0280016
		z[37]=0.0350016
		z[38]=0.0420016
		z[39]=0.0490016
		z[40]=0.0554534
		z[41]=0.0622174
		z[42]=0.0693083
		z[43]=0.0767421
		z[44]=0.0845352
		z[45]=0.0927051
		z[46]=0.10127
		z[47]=0.110249
		z[48]=0.119662
		z[49]=0.12953
		z[50]=0.139875
		z[51]=0.150721
		z[52]=0.16209
		z[53]=0.17401
		z[54]=0.186505
		z[55]=0.199605
		z[56]=0.213338
		z[57]=0.227735
		z[58]=0.242828
		z[59]=0.25865
		z[60]=0.275238
		z[61]=0.292627
		z[62]=0.310858
		z[63]=0.329969
		z[64]=0.35
-----------------------------------------------------------------------
Input_mesh_settings--------------------------------
Settings 0----------------
	Scope: GLOBAL
	Type:	------MESHER_SETTINGS----------
	RefAllCells           =0
	RefFluidCells         =0
	RefPartCells          =0
	RefSolidCells         =0
	l_SSFR(Capture crit)  =1
	l_curv(Curvature crit)=0
	l_tol(Tolerance crit) =0
	UseChannelRef         =1
	  NCR_method          =0
	  l_NCR               =1
	  N_gap               =14
	  Use d_NCR_min       =0
	  Use d_NCR_max       =0
	CloseThinSlotsHeight         =0
	--END_OF_MESHER_SETTINGS-------
End of input mesh settings-------------------------
-----------------------------------------------------------------------
Memory Working Set Current = 24.97 Mb, Memory Working Set Peak = 24.98 Mb
Process Threads Number: 15
-----------------------------------------------------------------------
MMP (msh): locals=1, allc_sz=0.80 MB, used_sz=0.73 MB, blks-min-max=14/14
MMP (brx): locals=12, allc_sz=0.88 MB, used_sz=0.68 MB, blks-min-max=1/6
MMP (bcf): locals=0, allc_sz=0.00 MB, used_sz=0.00 MB, blks-min-max=0/0
MMP (xsl): locals=0, allc_sz=0.00 MB, used_sz=0.00 MB, blks-min-max=0/0
NxNyNz = [93, 1, 64]
base_dx=0.0103075; 
NxNyNz_reverse = [87, 2, 68]

-----------------------------------------------------------------------
Refining geometries:
-----------------------------------------------------------------------

-----------------------------------------------------------------------
Refining by triangulation...
Refinement input: 5952 bricks
	Checking crit (5952 / 5952)...0 marked (0.000 s)
Refinement result: 5952 bricks (0.001 s)
Refinement input: 5952 bricks
	Checking crit (5952 / 5952)...0 marked (0.000 s)
Refinement result: 5952 bricks (0.000 s)
Collecting and processing rays:
	Adding rays...OK (0.001 s)
	new bricks = 5952 / 5952
	new rays   = 6428 (x=130, y=6110, z=188)
	Processing rays...
		Rays process:  0.002 (0.002) s
		Sort xstacks:  0.000 (0.000) s
		Put xstacks:   0.000 (0.000) s
		Total:         0.003 s
	Correcting rays...
		Lame vertices: 0.000 (0.000) s
		Bad rays:      0.000 (0.000) s
		Emit rays:     0.000 (0.000) s
		Correct ray f: 0.000 (0.000) s
		Undef:         0.000 (0.000) s
		Sum:           0.000 (0.000) s
		Total:         0.001 s
	Time (rays): 0.006 s
Capturing (5952 / 5952)...OK (0.001 s)
Refining by triangulation takes 0.008 s
-----------------------------------------------------------------------

-----------------------------------------------------------------------
Refining peculiar surfaces...
0 surfaces refined
Refining peculiar surfaces takes 0 s
-----------------------------------------------------------------------
Collecting and processing rays:
	Adding rays...OK (0.000 s)
	new bricks = 0 / 5952
	new rays   = 0 (x=0, y=0, z=0)
	Processing rays...
		Rays process:  0.000 (0.000) s
		Sort xstacks:  0.000 (0.000) s
		Put xstacks:   0.000 (0.000) s
		Total:         0.000 s
	Correcting rays...
		Total:         0.000 s
	Time (rays): 0.001 s
Capturing (0 / 5952)...OK (0.000 s)

-----------------------------------------------------------------------
Base mesh 1 Refining...
Collecting and processing rays:
	Adding rays...OK (0.000 s)
	new bricks = 0 / 5952
	new rays   = 0 (x=0, y=0, z=0)
	Processing rays...
		Rays process:  0.000 (0.000) s
		Sort xstacks:  0.000 (0.000) s
		Put xstacks:   0.000 (0.000) s
		Total:         0.000 s
	Correcting rays...
		Total:         0.000 s
	Time (rays): 0.000 s
Capturing (0 / 5952)...OK (0.000 s)
Refinement input: 5952 bricks
	Checking crit (5952 / 5952)...0 marked (0.000 s)
Refinement result: 5952 bricks (0.000 s)
-----------------------------------------------------------------------
Refining channels...
FYI: CNarrowChannelRefiner::RefineChannels_PRLL
FYI: m_iteration_count = 0
FYI: level1 statistics:
     level1_cnt_plus[1]=0;		level1_cnt_minus[1]=0
     level1_cnt_plus[2]=0;		level1_cnt_minus[2]=0
     level1_cnt_plus[3]=0;		level1_cnt_minus[3]=0
     level1_cnt_plus[4]=0;		level1_cnt_minus[4]=0
     level1_cnt_plus[5]=0;		level1_cnt_minus[5]=0
     level1_cnt_plus[6]=0;		level1_cnt_minus[6]=0
     level1_cnt_plus[7]=0;		level1_cnt_minus[7]=0
     level1_cnt_plus[8]=0;		level1_cnt_minus[8]=0
     level1_cnt_plus[9]=0;		level1_cnt_minus[9]=0
FYI: level1 statistics:
     level1_cnt_plus[1]=0;		level1_cnt_minus[1]=0
     level1_cnt_plus[2]=0;		level1_cnt_minus[2]=0
     level1_cnt_plus[3]=0;		level1_cnt_minus[3]=0
     level1_cnt_plus[4]=0;		level1_cnt_minus[4]=0
     level1_cnt_plus[5]=0;		level1_cnt_minus[5]=0
     level1_cnt_plus[6]=0;		level1_cnt_minus[6]=0
     level1_cnt_plus[7]=0;		level1_cnt_minus[7]=0
     level1_cnt_plus[8]=0;		level1_cnt_minus[8]=0
     level1_cnt_plus[9]=0;		level1_cnt_minus[9]=0

-----------------------------------------------------------------------
U-shapes refinement...
Refinement input: 5952 bricks
	Checking crit (5952 / 5952)...0 marked (0.001 s)
Refinement result: 5952 bricks (0.002 s)
Collecting and processing rays:
	Adding rays...OK (0.000 s)
	new bricks = 0 / 5952
	new rays   = 0 (x=0, y=0, z=0)
	Processing rays...
		Rays process:  0.000 (0.000) s
		Sort xstacks:  0.000 (0.000) s
		Put xstacks:   0.000 (0.000) s
		Total:         0.000 s
	Correcting rays...
		Total:         0.000 s
	Time (rays): 0.000 s
Capturing (0 / 5952)...OK (0.000 s)
-----------------------------------------------------------------------

-----------------------------------------------------------------------
Equi Distant Refiner:
Equi Distant Refiner takes 0.00 s
-----------------------------------------------------------------------

-----------------------------------------------------------------------
Check for symmetry in 2D plane...
Refinement input: 5952 bricks
	Checking crit (5952 / 5952)...0 marked (0.001 s)
Refinement result: 5952 bricks (0.001 s)
-----------------------------------------------------------------------

/-Ray Intersection---------------/ Time	0.018 s
Calls                318
CorrectRay Calls     0



-----------------------------------------------------------------------
Refining geometries takes 0.016 s
-----------------------------------------------------------------------
-----------------------------------------------------------------------
Memory Working Set Current = 27.62 Mb, Memory Working Set Peak = 27.63 Mb
Process Threads Number: 15
-----------------------------------------------------------------------
Defect ray count	0
FYI: CNarrowChannelRefiner::RedistributeLevel1_step_1: is finished
FYI: level1 statistics:
     level1_cnt_plus[1]=0;		level1_cnt_minus[1]=0
     level1_cnt_plus[2]=0;		level1_cnt_minus[2]=0
     level1_cnt_plus[3]=0;		level1_cnt_minus[3]=0
     level1_cnt_plus[4]=0;		level1_cnt_minus[4]=0
     level1_cnt_plus[5]=0;		level1_cnt_minus[5]=0
     level1_cnt_plus[6]=0;		level1_cnt_minus[6]=0
     level1_cnt_plus[7]=0;		level1_cnt_minus[7]=0
     level1_cnt_plus[8]=0;		level1_cnt_minus[8]=0
     level1_cnt_plus[9]=0;		level1_cnt_minus[9]=0
FYI: CNarrowChannelRefiner::RedistributeLevel1_step_2: is started
FYI: CNarrowChannelRefiner::RedistributeLevel1_step_2: is finished
FYI: level1 statistics:
     level1_cnt_plus[1]=0;		level1_cnt_minus[1]=0
     level1_cnt_plus[2]=0;		level1_cnt_minus[2]=0
     level1_cnt_plus[3]=0;		level1_cnt_minus[3]=0
     level1_cnt_plus[4]=0;		level1_cnt_minus[4]=0
     level1_cnt_plus[5]=0;		level1_cnt_minus[5]=0
     level1_cnt_plus[6]=0;		level1_cnt_minus[6]=0
     level1_cnt_plus[7]=0;		level1_cnt_minus[7]=0
     level1_cnt_plus[8]=0;		level1_cnt_minus[8]=0
     level1_cnt_plus[9]=0;		level1_cnt_minus[9]=0
FYI: CNarrowChannelRefiner::RedistributeLevel1_step_3: is started
FYI: CNarrowChannelRefiner::RedistributeLevel1_step_3: is finished
RedistributeLevel1 takes:
FYI: level1 statistics:
     level1_cnt_plus[1]=0;		level1_cnt_minus[1]=0
     level1_cnt_plus[2]=0;		level1_cnt_minus[2]=0
     level1_cnt_plus[3]=0;		level1_cnt_minus[3]=0
     level1_cnt_plus[4]=0;		level1_cnt_minus[4]=0
     level1_cnt_plus[5]=0;		level1_cnt_minus[5]=0
     level1_cnt_plus[6]=0;		level1_cnt_minus[6]=0
     level1_cnt_plus[7]=0;		level1_cnt_minus[7]=0
     level1_cnt_plus[8]=0;		level1_cnt_minus[8]=0
     level1_cnt_plus[9]=0;		level1_cnt_minus[9]=0
-----------------------------------------------------------------------
MSH format builder (Iteration 0)
-----------------------------------------------------------------------
Memory Working Set Current = 27.84 Mb, Memory Working Set Peak = 28.45 Mb
Process Threads Number: 15
-----------------------------------------------------------------------
Total bricks count: 5952
-----------------------------------------------------------------------
MSH (Real Geometry) format constructor:
	Geom    Count = 2
	Bodyset Count = 2
	2D axis = 1
	Getting brick sets...OK (0.000 s)

	Min x-stack xeps = 0.0198839
	D / dh / eps [axis=0] = (0.9, 0.00684101, 6.84101e-06)
	D / dh / eps [axis=1] = (0.02, 0.02, 2e-05)
	D / dh / eps [axis=2] = (0.7, 0.00645182, 6.45182e-06)
	Time (xeps): 0.000 s
Level 1
Level 0
	Set (0)  size: 2976
	Set (0)  time: 0.004 s
	Set (1)  size: 2976
	Set (1)  time: 0.002 s

	Spread npq bricks...0 marked (0.000 s)

Result:
	Bricks number:                        5952

	Memory usage:                         0.075 MB
	Memory usage (per brick):             0.013 KB
	Construction time:                    0.007 s

	Topology features:
	------------------
	- High quality bricks                  100.00 % (5952)
	- Medium quality bricks                  0.00 % (0)
	- Bad quality bricks                     0.00 % (0)
	- NPQ bricks                             0.00 % (0)
	- Type-1 bricks                          1.01 % (60)
	- Ribs corrected bricks                  0.00 % (0)
	- Points with geom-info (bricks)         0.00 % (0)
	- Points with closest-info (bricks)      0.00 % (0)
	- Triangulated by center (bricks)        0.00 % (0)
	- Facet w-faces mergings (bricks)        0.00 % (0)
	- To refine (bricks)                     0.00 % (0)
	- Points-count                           0.00 % (0)
	- T-self-intersection-all (bricks)       0.00 % (0)
	- T-self-intersection-simple (bricks)    0.00 % (0)
	- T-self-intersection-complex (bricks)   0.00 % (0)
	- NPQ by reason 1 u-shape                0.00 % (0)
	- NPQ by reason 2 tri-by-ctr             0.00 % (0)
	- NPQ by reason 3 ray-correction         0.00 % (0)
	- NPQ by reason 4 t-self-intersection    0.00 % (0)
	- NPQ by reason 5 non-good               0.00 % (0)
	- NPQ by reason 6 npq-worker             0.00 % (0)

-----------------------------------------------------------------------
Memory Working Set Current = 31.59 Mb, Memory Working Set Peak = 31.59 Mb
Process Threads Number: 15
-----------------------------------------------------------------------
-----------------------------------------------------------------------
msh-iterations: 1
-----------------------------------------------------------------------
high---q-brick-count = 100.00 % (5952 5952)
medium-q-brick-count =   0.00 % (5952 0)
bad----q-brick-count =   0.00 % (5952 0)
np-----q-brick-count =   0.00 % (5952 0)
-----------------------------------------------------------------------
Free brick parser storage...OK(0.002 s)
-----------------------------------------------------------------------
Memory Working Set Current = 29.47 Mb, Memory Working Set Peak = 32.41 Mb
Process Threads Number: 15
-----------------------------------------------------------------------
-----------------------------------------------------------------------
MSH --> BCF format (Iteration 0)...
BCF collector...(remove mode=0)
	Time (alloc counter per brick): 0.000 s
	Brick    count: 5952
	Av.f all count: 5820
	Av.s all count: 192
	Av.f pid count: 60
	Av.s pid count: 60
	Faces fs count: 60
	Faces ff count: 0
	Faces ss count: 0
	Faces bb count: 0
	Faces fe count: 11954
	Faces se count: 384
	Faces fw count: 12398
	Faces af count: 11455
	Faces as count: 352
	Time (all count): 	0.001 s
	Time (bcf alloc): 	0.001 s
	Time (shifts alloc): 	0.001 s
	Time (shifts init): 	0.001 s
	Time (bcf fill): 	0.001 s
	Time (add av to faces): 0.000 s
	Time (add faces to av): 0.001 s
Time (bcf collect): 		0.007 s
	AV checker...
	Time (check av): 	0.001 s
	Subdomain checker...
		Subdomains construction time: 0.001 s.
		Subdomains sort time: 0.000 s.
			Subdomain 0 (geom_ind=0): 5820 av
			Subdomain 1 (geom_ind=1): 192 av
		gi: 0, real bodies: 1
		gi: 0, subdomains:  1
		gi: 1, real bodies: 0
		gi: 1, subdomains:  1
		Defect subdomains: 0
	Time (check subdoms): 	0.001 s
Time (bcf iteration total): 	0.012 s
	Time (fw-nb): 		0.001 s
	Fixed mutual fw-nb:     4 (bb: 0)
	Time (fw-nb mutual): 	0.001 s
	Time (fw-nb sort): 	0.000 s
	Time (fw-nb): 		0.008 s
	Fixed mutual fw-nb:     23988 (bb: 0)
	Time (fw-nb mutual): 	0.003 s
	Time (fw-nb sort): 	0.001 s
	Time (rfd fix): 	0.000 s
	Time (av convexity): 	0.000 s
	Time (av small volume): 0.000 s
	Fluid subdomains: 1
	Faces fw-nb diff sd:    0
	Time (fw-nb diff sd): 	0.001 s
Time (bcf calc): 		0.019 s
-----------------------------------------------------------------------
Time (bcf total): 		0.031 s
-----------------------------------------------------------------------
-----------------------------------------------------------------------
Mega-cv constructor for fluid...
2D generator ...OK
Convert clusters:
	 0 mega-cv's total
	 0 av's is treated as thin
Relative size generator (threshold = 0.05)...
	Iteration 1 (small cluster count = 10)
	Iteration 2 (small cluster count = 0)
	 10 mega-cv's generated
	 0 mega-cv's removed
Relative size generator is completed OK (0.001 s)
Apply fa-rules to mega-cv clusters fixes...
OK (0.000 s)
Convert clusters:
	 10 mega-cv's total
Mega-cv count: 10
Time (mega-cv fill): 	0.001 s
Time (mega-cv total): 	0.006 s
-----------------------------------------------------------------------
Mixing plane rotation regions: NO.
Sliding mesh rotation regions: NO.
Fluid/fluid faces: NO.
-----------------------------------------------------------------------
Memory Working Set Current = 35.00 Mb, Memory Working Set Peak = 35.01 Mb
Process Threads Number: 15
-----------------------------------------------------------------------
----------------------------------------------------------
BCF --> BCF.GEOMSUBDOM (bridge arrays):
MESH (0):
	Fluid Subdom Constructor: 1 subdom(s).
	Solid Subdom Constructor: 1 subdom(s).
	Net Asm Subdom Constructor: 0 subdom(s).
	GEOMSUBDOM (0): gi=0 fluid av=5820 cv=5810 fa=11455 fb=0 fw=12014 V=1.244345e-02
	Cache data...OK
	GEOMSUBDOM (1): gi=1 solid av=192 cv=192 fa=352 fb=0 fw=444 V=1.565535e-04
	Cache data...OK
	Setting nb of w-faces...OK (0.001 s).
	Correcting nb of w-faces...
	Time(correct_fw_nb)=0.001 s

MESH (0) checking:
	GEOMSUBDOM (0):fa_s=2.3767528458838276 fb_s=0.0000000000000000 fw_s=1.3146225648975722 fw_nb=46568
	              :d_const(2981)=9.94762e-17 d_linear(982)=1.39504e-14
	GEOMSUBDOM (1):fa_s=0.0452471541161736 fb_s=0.0000000000000000 fw_s=0.0219332736430822 fw_nb=1528
	              :d_const(57)=9.38377e-17 d_linear(97)=2.72115e-14
MESH (0) checking: OK.
Time (MDS): 	0.010 s
----------------------------------------------------------
-----------------------------------------------------------------------
Memory Working Set Current = 36.27 Mb, Memory Working Set Peak = 36.27 Mb
Process Threads Number: 15
-----------------------------------------------------------------------

-----------------------------------------------------------------------
BCF CHECKSUM DATA (Mesh 0):

BRICK |Level1| Sum:               0
FACE_A Area Sum:   G.Fluid        2.3767528458838276
FACE_A Area Sum:   G.Solid        0.0452471541161736
FACE_W Area Sum:                  1.3302779192703273
FACE_W Nb   Sum:                  47976
FACE_W min curvatures sum:        0.00000000
FACE_W max curvatures sum:        1200.24670601
AV Max Disbalance(Const) :        9.94762e-17 (cid=3478, t={74, 0, 74}, avid=3348, pid=48)
AV Max Disbalance(Linear):        5.64902e-14 (cid=3293, t={76, 0, 70}, avid=3179, pid=40)
-----------------------------------------------------------------------


-----------------------------------------------------------------------
MESHER TOPOLOGY DATA:

BRICKS: Total                 5952
BRICKS: Fluid                 5820
BRICKS: Fluid Partial         60
BRICKS: Type 1                60
BRICKS: Max AV number         2

AV:     G.Total               6012
AV:     G.Fluid               5820
AV:     G.Solid               192

AV:     G.Fluid Thin Profile    0.00 % (0)
AV:     G.Solid Thin Profile    0.00 % (0)

AV:     G.Fluid Thin For Mega   0.00 % (0)
AV:     G.Solid Thin For Mega   0.00 % (0)

AV:     G.Fluid Non-Convex      0.00 % (0)
AV:     G.Solid Non-Convex      0.00 % (0)

AV:     G.Fluid Non-Ess-Convex      0.00 % (0)
AV:     G.Solid Non-Ess-Convex      0.00 % (0)

FACE_A: G.Fluid          (af) 11455 (partially opened 60)
FACE_A: G.Solid          (as) 352 (partially opened 60)

FACE_B: G.Total          (b)  0

FACE_W: G.Total                 12398       Brick/Bound
FACE_W: G.Fluid/Solid    (fs_g) 60          0           
FACE_W: G.Fluid/Fluid    (ff_g) 0           0           
FACE_W: G.Solid/Solid    (ss_g) 0           0           
FACE_W: G.Fluid/External (fe_g) 11954
FACE_W: G.Solid/External (se_g) 384

AV/CV max fa count (on brick side):2
AV/CV max fw count:                2
AV/CV max fb count:                0
AV/CV max fw poly count:           6

MEMORY: Total                   2.846 MB
MEMORY: Per Brick               0.490 KB
-----------------------------------------------------------------------

-----------------------------------------------------------------------
Connectivities information:
	Number of conns: 0
-----------------------------------------------------------------------
	Time (gap size): 	0.000 s
-----------------------------------------------------------------------
Memory Working Set Current = 36.43 Mb, Memory Working Set Peak = 37.09 Mb
Process Threads Number: 15
-----------------------------------------------------------------------
-----------------------------------------------------------------------
Calculating curvature and tolerance criteria...
Curvature: min=0 (cid=0) max=0.185895 (cid=3294)
Tolerance: min=0 (cid=0) max=0.000212759 (cid=3469)
Calculating curvature and tolerance criteria takes 0.001 s
-----------------------------------------------------------------------
MESH Build(FS) finished. Time=0.200 s
-----------------------------------------------------------------------
Current CPU = 1 sec

Nx=93
Ny=1
Nz=64
Max BRICK Level=0
Mesh Level=1
-----------------CModelBodies2MeshMapper::CollectData started -------------------------------
	Time (collect mesh base data): 0.000 s.
	Time (collect model bodies mapping): 0.000 s.
	Time (collect positive bodies mapping): 0.000 s.
	Time (collect fluid bodies mapping): 0.000 s.
-----------------CModelBodies2MeshMapper Report -------------------------------
FluidDomains 1 SolidDomains 1 VoidDomains 0 
Domains RefIndexes
----------------- -------------------------------
	ModelBodies
Total resolved Bodies 0 BodySets 0

--------------------------------------------------------------------------
	Positive geometry Bodies
Total resolved Bodies 1 BodySets 1
BodySet 0
	Bodies list:
			#0	Name: ;	ID: e0f2e902-a560-4fb0-9861-e9625a4101a0
	Domains list:		 0 

--------------------------------------------------------------------------
	Fluid regions
Total resolved Bodies 1 BodySets 1
BodySet 0	Material: Air; 
	Bodies list:
			#0	Name: ;	ID: e0f2e902-a560-4fb0-9861-e9625a4101a0
	Domains list:		 0 

--------------------------------------------------------------------------
Collect data takes...0.001 s
-----------------CModelBodies2MeshMapper::CollectData finished successfully-------------------
Saving initial mesh in: C:\Users\emjan\Documents\GitHub\Dissertation_Workspace\CFD\2\2.fld .
Storing results...
	Estimated CPT size=1.006 MB.
	Time (write bcf): 0.032 s
Storing results takes 0.037 s
-----------------------------------------------------------------------
Memory Working Set Current = 36.89 Mb, Memory Working Set Peak = 37.25 Mb
Process Threads Number: 15
-----------------------------------------------------------------------
Cleaning memory...
-----------------------------------------------------------------------
Start to free mesher data...
MMP (msh): locals=1, allc_sz=0.80 MB, used_sz=0.73 MB, blks-min-max=14/14
MMP (brx): locals=12, allc_sz=0.91 MB, used_sz=0.73 MB, blks-min-max=1/6
MMP (bcf): locals=12, allc_sz=3.29 MB, used_sz=3.06 MB, blks-min-max=3/26
MMP (xsl): locals=12, allc_sz=0.19 MB, used_sz=0.01 MB, blks-min-max=1/1
Free xsl...            OK	Time=0.000 s
Free ray collector...  OK	Time=0.000 s
Free ray intersector...OK	Time=0.000 s
Free body sets...      OK	Time=0.001 s
Free Geometry DB takes 0.000 s
Free mesh conn...      OK	Time=0.000 s
Free geomsd...         OK	Time=0.000 s
Free mbricks...        OK	Time=0.000 s
Free hash info...      OK	Time=0.000 s
Free bricks-x...       OK	Time=0.000 s
Free bcf...            OK	Time=0.000 s
Free mesh h...         OK	Time=0.000 s
Free bricks arr..      OK	Time=0.000 s
Free bricks tree...    OK	Time=0.000 s
Free mesh pools...     OK	Time=0.001 s
Free bodies mapper...  OK	Time=0.000 s
Free geom crits...     OK	Time=0.000 s
Free cpt regions...    OK	Time=0.000 s
Free peculiar surfs... OK	Time=0.000 s
Free sw-geometries...  OK	Time=0.000 s
Total free mesher data time: 0.004 s
-----------------------------------------------------------------------
Copying... OK
Mesh generation normally finished at	1.1.2023	18:55:23
Mesher CPU = 1 sec
Mesher is finished at	1.1.2023	18:55:23
-----------------------------------------------------------------------
Memory Working Set Current = 29.23 Mb, Memory Working Set Peak = 37.72 Mb
Process Threads Number: 15
-----------------------------------------------------------------------
Algebra Pool      : mem_usage = 0.19 Mb, allocated count = 0
-----------------------------------------------------------------------
Memory Working Set Current = 29.07 Mb, Memory Working Set Peak = 37.72 Mb
Process Threads Number: 15
-----------------------------------------------------------------------
Log ended at 01.01.2023	18:55:23
