Log started at 01.01.2023	18:31:02
Number of used processors (NPROC): 12.
Number of mesh partitions (NPART): 12.
Total Physical Memory = 15.82 Gb, Available Physical Memory = 2.31 Gb
Computer name:	MSI
Operating system:	Windows 10 (or higher) (Version 10.0.19045)

SOLIDWORKS 2022 SP3.1
Flow Simulation 2022  x64 / 5593

Project: C:\Users\emjan\Documents\GitHub\Dissertation_Workspace\CFD\1\1.xmlconfig
Configuration name: Default
Project name: 2D Flow Around Sphere
Problem type: external-type
Exclude cavities without flow conditions: OFF
NGK: OFF
MBO: OFF
-----------------------------------------------------------------------
Mesher option run = eRunMesherNormal
-----------------------------------------------------------------------

Mesh generation started:	1.1.2023	18:31:2
-----------------------------------------------------------------------
Memory Working Set Current = 18.81 Mb, Memory Working Set Peak = 18.82 Mb
Process Threads Number: 4
-----------------------------------------------------------------------
Mesher adjust APD = OFF; AdjustAPD_method=0; N_per_Channel = 0; N2_per_Channel = 0
Current CPU = 0 sec
-----------------------------------------------------------------------
Geometries initialization:
-----------------------------------------------------------------------
Loading mesh settings (global/local)...
-----------------------------------------------------------------------
Number of geometries from DB: 1
Geometry(0):
	Guid = {00000000-0000-0000-0000-000000000000}
	Fluid..
	1 Body.
	1 Real body.
	-- Bodyset 0 --
		Tolerance=1.73205e-05.
		3 Face(s).
			3 of b-spline type.
		0 Face(s) that have no ref faces
		2 Plane surface(s).
		1 Cylinder surface(s).
		678 Triangle(s).
		Getting triangle connectivities from DB: 0.001 s
		2 Edge(s).
			2 of b-spline type.
		BodyGeom reading: 0.007 s.
		339 Reference Triangles.
		Getting triangle connectivities from DB (Ref): 0.000 s
		BodyGeom Ref reading: 0.000 s.
Geometry(1):
	Solid.
	-- Bodyset 1 --
	Empty
-----------------------------------------------------------------------
Number of geometries in task: 2
Number of bodysets   in task: 2
-----------------------------------------------------------------------
BodySet (0):
	Making hash and connectivity for Bodyset ...
		CBodyGeom:
		Hash size: {33, 4, 27}.
		Mesh size: {33, 1, 27}.
		Hashing triangles...Ok.
			axis(0) tr sizes: average=45 max=181
			axis(1) tr sizes: average=12 max=339
			axis(2) tr sizes: average=42 max=180
		Number of t-connected sets:1 (cavity=0)
		CBodyGeomRef:
		Hashing triangles...Ok.
			axis(0) tr sizes: average=16 max=40
			axis(1) tr sizes: average=4 max=8
			axis(2) tr sizes: average=14 max=34
	0.0113 s.
Geometries reading and preparing has taken 0.023 s.
-----------------------------------------------------------------------
Mapped triangles:
Hashing rough geometry(bodies) triangulation:
BodySet (0):
	Triangles num=678
	Triangles box={-0.0499978 ,0.0499978 ,0.03998 ,0.06002 ,-0.05 ,0.05}
		3d-hash size is 5180 bytes
BodySet (1):
Empty

Mapped triangles processed in 0.011 s.
-----------------------------------------------------------------------
-----------------------------------------------------------------------
Getting sectors:
Number of sectors: 0
-----------------------------------------------------------------------
-----------------------------------------------------------------------

Current CPU = 0 sec
-----------------------------------------------------------------------
Memory Working Set Current = 23.56 Mb, Memory Working Set Peak = 23.57 Mb
Process Threads Number: 15
-----------------------------------------------------------------------
-----------------------------------------------------------------------
Checking faces on CD...
FCD = [0 0 0 0 0 0]
FCD_conflicts = 0
Time (check faces on CD)=0.001 s
-----------------------------------------------------------------------

-----------------------------------------------------------------------
Mesh dimensions:
				I[0 ]=33
				I[1 ]=1
				I[2 ]=27

Comp. domain size:
				a[0  ]=-0.215071
				a[1  ]=0.269693
				a[2  ]=0.04
				a[3  ]=0.06
				a[4  ]=-0.20397
				a[5  ]=0.219563

Fluid calculated			1
Solid calculated			0
-----------------------------------------------------------------------
MESH Build started...
-----------------------------------------------------------------------
Mesh LEVEL = 1
-----------------------------------------------------------------------
-----------------------------------------------------------------------
CPT-mode xeps:
	D / dh / eps [axis=0] = (0.484764, 0.00662541, 6.62541e-06)
	D / dh / eps [axis=1] = (0.02, 0.01, 1e-05)
	D / dh / eps [axis=2] = (0.423533, 0.00612483, 6.12483e-06)
-----------------------------------------------------------------------
Initial allocation and brick-body-box intersection...OK (0.000 s)
Initial triangle brick intersection...OK (0.000 s)
Setting regions (891 / 891)...OK (0.000 s)
-----------------------------------------------------------------------
Base mesh info:
	2D axis = 1
	Nx=33
	Ny=1
	Nz=27
	N(Nx*Ny*Nz) = 33
	Period    axis=[0, 0, 0]
	Symmetry  ni=[0 0 1 1 0 0]
	ZoomingBC ni=[0 0 0 0 0 0]
	Nx=33
		x[0]=-0.215071
		x[1]=-0.195745
		x[2]=-0.177315
		x[3]=-0.159733
		x[4]=-0.142961
		x[5]=-0.126961
		x[6]=-0.111698
		x[7]=-0.097137
		x[8]=-0.0832466
		x[9]=-0.0699958
		x[10]=-0.0559956
		x[11]=-0.0419956
		x[12]=-0.0279956
		x[13]=-0.0139956
		x[14]=4.39685e-06
		x[15]=0.0138933
		x[16]=0.0277821
		x[17]=0.041671
		x[18]=0.0555599
		x[19]=0.0694488
		x[20]=0.0833377
		x[21]=0.0972266
		x[22]=0.111115
		x[23]=0.125004
		x[24]=0.138893
		x[25]=0.152782
		x[26]=0.166671
		x[27]=0.18056
		x[28]=0.194449
		x[29]=0.208338
		x[30]=0.222227
		x[31]=0.236115
		x[32]=0.250004
		x[33]=0.269693
	Ny=1
		y[0]=0.04
		y[1]=0.06
	Nz=27
		z[0]=-0.20397
		z[1]=-0.182778
		z[2]=-0.162711
		z[3]=-0.143705
		z[4]=-0.125703
		z[5]=-0.108652
		z[6]=-0.0925026
		z[7]=-0.0772065
		z[8]=-0.0627188
		z[9]=-0.0489968
		z[10]=-0.0367472
		z[11]=-0.0244972
		z[12]=-0.0122472
		z[13]=2.82002e-06
		z[14]=0.0122528
		z[15]=0.0245028
		z[16]=0.0367528
		z[17]=0.0490028
		z[18]=0.0623194
		z[19]=0.0763535
		z[20]=0.0911439
		z[21]=0.106731
		z[22]=0.123159
		z[23]=0.140471
		z[24]=0.158717
		z[25]=0.177946
		z[26]=0.19821
		z[27]=0.219563
-----------------------------------------------------------------------
Input_mesh_settings--------------------------------
Settings 0----------------
	Scope: GLOBAL
	Type:	------MESHER_SETTINGS----------
	RefAllCells           =0
	RefFluidCells         =0
	RefPartCells          =0
	RefSolidCells         =0
	l_SSFR(Capture crit)  =1
	l_curv(Curvature crit)=0
	l_tol(Tolerance crit) =0
	UseChannelRef         =1
	  NCR_method          =0
	  l_NCR               =1
	  N_gap               =7
	  Use d_NCR_min       =0
	  Use d_NCR_max       =0
	CloseThinSlotsHeight         =0
	--END_OF_MESHER_SETTINGS-------
End of input mesh settings-------------------------
-----------------------------------------------------------------------
Memory Working Set Current = 24.06 Mb, Memory Working Set Peak = 24.39 Mb
Process Threads Number: 15
-----------------------------------------------------------------------
MMP (msh): locals=1, allc_sz=0.12 MB, used_sz=0.11 MB, blks-min-max=6/6
MMP (brx): locals=12, allc_sz=0.24 MB, used_sz=0.10 MB, blks-min-max=1/2
MMP (bcf): locals=0, allc_sz=0.00 MB, used_sz=0.00 MB, blks-min-max=0/0
MMP (xsl): locals=0, allc_sz=0.00 MB, used_sz=0.00 MB, blks-min-max=0/0
NxNyNz = [33, 1, 27]
base_dx=0.0151881; 
NxNyNz_reverse = [32, 1, 28]

-----------------------------------------------------------------------
Refining geometries:
-----------------------------------------------------------------------

-----------------------------------------------------------------------
Refining by triangulation...
Refinement input: 891 bricks
	Checking crit (891 / 891)...0 marked (0.000 s)
Refinement result: 891 bricks (0.001 s)
Refinement input: 891 bricks
	Checking crit (891 / 891)...0 marked (0.000 s)
Refinement result: 891 bricks (0.001 s)
Collecting and processing rays:
	Adding rays...OK (0.001 s)
	new bricks = 891 / 891
	new rays   = 1076 (x=56, y=952, z=68)
	Processing rays...
		Rays process:  0.002 (0.002) s
		Sort xstacks:  0.000 (0.000) s
		Put xstacks:   0.000 (0.000) s
		Total:         0.002 s
	Correcting rays...
		Lame vertices: 0.000 (0.000) s
		Bad rays:      0.000 (0.000) s
		Emit rays:     0.000 (0.000) s
		Correct ray f: 0.000 (0.000) s
		Undef:         0.000 (0.000) s
		Sum:           0.000 (0.000) s
		Total:         0.000 s
	Time (rays): 0.004 s
Capturing (891 / 891)...OK (0.000 s)
Refining by triangulation takes 0.006 s
-----------------------------------------------------------------------

-----------------------------------------------------------------------
Refining peculiar surfaces...
0 surfaces refined
Refining peculiar surfaces takes 0 s
-----------------------------------------------------------------------
Collecting and processing rays:
	Adding rays...OK (0.000 s)
	new bricks = 0 / 891
	new rays   = 0 (x=0, y=0, z=0)
	Processing rays...
		Rays process:  0.000 (0.000) s
		Sort xstacks:  0.000 (0.000) s
		Put xstacks:   0.000 (0.000) s
		Total:         0.001 s
	Correcting rays...
		Total:         0.000 s
	Time (rays): 0.001 s
Capturing (0 / 891)...OK (0.000 s)

-----------------------------------------------------------------------
Base mesh 1 Refining...
Collecting and processing rays:
	Adding rays...OK (0.000 s)
	new bricks = 0 / 891
	new rays   = 0 (x=0, y=0, z=0)
	Processing rays...
		Rays process:  0.000 (0.000) s
		Sort xstacks:  0.000 (0.000) s
		Put xstacks:   0.000 (0.000) s
		Total:         0.000 s
	Correcting rays...
		Total:         0.000 s
	Time (rays): 0.001 s
Capturing (0 / 891)...OK (0.000 s)
Refinement input: 891 bricks
	Checking crit (891 / 891)...0 marked (0.000 s)
Refinement result: 891 bricks (0.001 s)
-----------------------------------------------------------------------
Refining channels...
FYI: CNarrowChannelRefiner::RefineChannels_PRLL
FYI: m_iteration_count = 0
FYI: level1 statistics:
     level1_cnt_plus[1]=0;		level1_cnt_minus[1]=0
     level1_cnt_plus[2]=0;		level1_cnt_minus[2]=0
     level1_cnt_plus[3]=0;		level1_cnt_minus[3]=0
     level1_cnt_plus[4]=0;		level1_cnt_minus[4]=0
     level1_cnt_plus[5]=0;		level1_cnt_minus[5]=0
     level1_cnt_plus[6]=0;		level1_cnt_minus[6]=0
     level1_cnt_plus[7]=0;		level1_cnt_minus[7]=0
     level1_cnt_plus[8]=0;		level1_cnt_minus[8]=0
     level1_cnt_plus[9]=0;		level1_cnt_minus[9]=0
FYI: level1 statistics:
     level1_cnt_plus[1]=0;		level1_cnt_minus[1]=0
     level1_cnt_plus[2]=0;		level1_cnt_minus[2]=0
     level1_cnt_plus[3]=0;		level1_cnt_minus[3]=0
     level1_cnt_plus[4]=0;		level1_cnt_minus[4]=0
     level1_cnt_plus[5]=0;		level1_cnt_minus[5]=0
     level1_cnt_plus[6]=0;		level1_cnt_minus[6]=0
     level1_cnt_plus[7]=0;		level1_cnt_minus[7]=0
     level1_cnt_plus[8]=0;		level1_cnt_minus[8]=0
     level1_cnt_plus[9]=0;		level1_cnt_minus[9]=0

-----------------------------------------------------------------------
U-shapes refinement...
Refinement input: 891 bricks
	Checking crit (891 / 891)...0 marked (0.000 s)
Refinement result: 891 bricks (0.001 s)
Collecting and processing rays:
	Adding rays...OK (0.000 s)
	new bricks = 0 / 891
	new rays   = 0 (x=0, y=0, z=0)
	Processing rays...
		Rays process:  0.000 (0.000) s
		Sort xstacks:  0.000 (0.000) s
		Put xstacks:   0.000 (0.000) s
		Total:         0.000 s
	Correcting rays...
		Total:         0.000 s
	Time (rays): 0.001 s
Capturing (0 / 891)...OK (0.000 s)
-----------------------------------------------------------------------

-----------------------------------------------------------------------
Equi Distant Refiner:
Equi Distant Refiner takes 0.00 s
-----------------------------------------------------------------------

-----------------------------------------------------------------------
Check for symmetry in 2D plane...
Refinement input: 891 bricks
	Checking crit (891 / 891)...0 marked (0.000 s)
Refinement result: 891 bricks (0.000 s)
-----------------------------------------------------------------------

/-Ray Intersection---------------/ Time	0.019 s
Calls                124
CorrectRay Calls     0



-----------------------------------------------------------------------
Refining geometries takes 0.014 s
-----------------------------------------------------------------------
-----------------------------------------------------------------------
Memory Working Set Current = 26.24 Mb, Memory Working Set Peak = 26.25 Mb
Process Threads Number: 15
-----------------------------------------------------------------------
Defect ray count	0
FYI: CNarrowChannelRefiner::RedistributeLevel1_step_1: is finished
FYI: level1 statistics:
     level1_cnt_plus[1]=0;		level1_cnt_minus[1]=0
     level1_cnt_plus[2]=0;		level1_cnt_minus[2]=0
     level1_cnt_plus[3]=0;		level1_cnt_minus[3]=0
     level1_cnt_plus[4]=0;		level1_cnt_minus[4]=0
     level1_cnt_plus[5]=0;		level1_cnt_minus[5]=0
     level1_cnt_plus[6]=0;		level1_cnt_minus[6]=0
     level1_cnt_plus[7]=0;		level1_cnt_minus[7]=0
     level1_cnt_plus[8]=0;		level1_cnt_minus[8]=0
     level1_cnt_plus[9]=0;		level1_cnt_minus[9]=0
FYI: CNarrowChannelRefiner::RedistributeLevel1_step_2: is started
FYI: CNarrowChannelRefiner::RedistributeLevel1_step_2: is finished
FYI: level1 statistics:
     level1_cnt_plus[1]=0;		level1_cnt_minus[1]=0
     level1_cnt_plus[2]=0;		level1_cnt_minus[2]=0
     level1_cnt_plus[3]=0;		level1_cnt_minus[3]=0
     level1_cnt_plus[4]=0;		level1_cnt_minus[4]=0
     level1_cnt_plus[5]=0;		level1_cnt_minus[5]=0
     level1_cnt_plus[6]=0;		level1_cnt_minus[6]=0
     level1_cnt_plus[7]=0;		level1_cnt_minus[7]=0
     level1_cnt_plus[8]=0;		level1_cnt_minus[8]=0
     level1_cnt_plus[9]=0;		level1_cnt_minus[9]=0
FYI: CNarrowChannelRefiner::RedistributeLevel1_step_3: is started
FYI: CNarrowChannelRefiner::RedistributeLevel1_step_3: is finished
RedistributeLevel1 takes:
FYI: level1 statistics:
     level1_cnt_plus[1]=0;		level1_cnt_minus[1]=0
     level1_cnt_plus[2]=0;		level1_cnt_minus[2]=0
     level1_cnt_plus[3]=0;		level1_cnt_minus[3]=0
     level1_cnt_plus[4]=0;		level1_cnt_minus[4]=0
     level1_cnt_plus[5]=0;		level1_cnt_minus[5]=0
     level1_cnt_plus[6]=0;		level1_cnt_minus[6]=0
     level1_cnt_plus[7]=0;		level1_cnt_minus[7]=0
     level1_cnt_plus[8]=0;		level1_cnt_minus[8]=0
     level1_cnt_plus[9]=0;		level1_cnt_minus[9]=0
-----------------------------------------------------------------------
MSH format builder (Iteration 0)
-----------------------------------------------------------------------
Memory Working Set Current = 26.34 Mb, Memory Working Set Peak = 27.07 Mb
Process Threads Number: 15
-----------------------------------------------------------------------
Total bricks count: 891
-----------------------------------------------------------------------
MSH (Real Geometry) format constructor:
	Geom    Count = 2
	Bodyset Count = 2
	2D axis = 1
	Getting brick sets...OK (0.000 s)

	Min x-stack xeps = 0.019872
	D / dh / eps [axis=0] = (0.484764, 0.0132508, 1.32508e-05)
	D / dh / eps [axis=1] = (0.02, 0.02, 2e-05)
	D / dh / eps [axis=2] = (0.423533, 0.0122497, 1.22497e-05)
	Time (xeps): 0.001 s
Level 1
Level 0
	Set (0)  size: 446
	Set (0)  time: 0.007 s
	Set (1)  size: 445
	Set (1)  time: 0.002 s

	Spread npq bricks...0 marked (0.000 s)

Result:
	Bricks number:                        891

	Memory usage:                         0.023 MB
	Memory usage (per brick):             0.026 KB
	Construction time:                    0.012 s

	Topology features:
	------------------
	- High quality bricks                  100.00 % (891)
	- Medium quality bricks                  0.00 % (0)
	- Bad quality bricks                     0.00 % (0)
	- NPQ bricks                             0.00 % (0)
	- Type-1 bricks                          3.59 % (32)
	- Ribs corrected bricks                  0.00 % (0)
	- Points with geom-info (bricks)         0.00 % (0)
	- Points with closest-info (bricks)      0.00 % (0)
	- Triangulated by center (bricks)        0.00 % (0)
	- Facet w-faces mergings (bricks)        0.00 % (0)
	- To refine (bricks)                     0.00 % (0)
	- Points-count                           0.00 % (0)
	- T-self-intersection-all (bricks)       0.00 % (0)
	- T-self-intersection-simple (bricks)    0.00 % (0)
	- T-self-intersection-complex (bricks)   0.00 % (0)
	- NPQ by reason 1 u-shape                0.00 % (0)
	- NPQ by reason 2 tri-by-ctr             0.00 % (0)
	- NPQ by reason 3 ray-correction         0.00 % (0)
	- NPQ by reason 4 t-self-intersection    0.00 % (0)
	- NPQ by reason 5 non-good               0.00 % (0)
	- NPQ by reason 6 npq-worker             0.00 % (0)

-----------------------------------------------------------------------
Memory Working Set Current = 30.21 Mb, Memory Working Set Peak = 30.22 Mb
Process Threads Number: 15
-----------------------------------------------------------------------
-----------------------------------------------------------------------
msh-iterations: 1
-----------------------------------------------------------------------
high---q-brick-count = 100.00 % (891 891)
medium-q-brick-count =   0.00 % (891 0)
bad----q-brick-count =   0.00 % (891 0)
np-----q-brick-count =   0.00 % (891 0)
-----------------------------------------------------------------------
Free brick parser storage...OK(0.004 s)
-----------------------------------------------------------------------
Memory Working Set Current = 28.44 Mb, Memory Working Set Peak = 31.04 Mb
Process Threads Number: 15
-----------------------------------------------------------------------
-----------------------------------------------------------------------
MSH --> BCF format (Iteration 0)...
BCF collector...(remove mode=0)
	Time (alloc counter per brick): 0.000 s
	Brick    count: 891
	Av.f all count: 859
	Av.s all count: 64
	Av.f pid count: 32
	Av.s pid count: 32
	Faces fs count: 32
	Faces ff count: 0
	Faces ss count: 0
	Faces bb count: 0
	Faces fe count: 1838
	Faces se count: 128
	Faces fw count: 1998
	Faces af count: 1644
	Faces as count: 110
	Time (all count): 	0.001 s
	Time (bcf alloc): 	0.000 s
	Time (shifts alloc): 	0.000 s
	Time (shifts init): 	0.000 s
	Time (bcf fill): 	0.001 s
	Time (add av to faces): 0.000 s
	Time (add faces to av): 0.001 s
Time (bcf collect): 		0.005 s
	AV checker...
	Time (check av): 	0.000 s
	Subdomain checker...
		Subdomains construction time: 0.000 s.
		Subdomains sort time: 0.000 s.
			Subdomain 0 (geom_ind=0): 859 av
			Subdomain 1 (geom_ind=1): 64 av
		gi: 0, real bodies: 1
		gi: 0, subdomains:  1
		gi: 1, real bodies: 0
		gi: 1, subdomains:  1
		Defect subdomains: 0
	Time (check subdoms): 	0.001 s
Time (bcf iteration total): 	0.007 s
	Time (fw-nb): 		0.000 s
	Fixed mutual fw-nb:     4 (bb: 0)
	Time (fw-nb mutual): 	0.000 s
	Time (fw-nb sort): 	0.000 s
	Time (fw-nb): 		0.001 s
	Fixed mutual fw-nb:     3660 (bb: 0)
	Time (fw-nb mutual): 	0.000 s
	Time (fw-nb sort): 	0.000 s
	Time (rfd fix): 	0.000 s
	Time (av convexity): 	0.001 s
	Time (av small volume): 0.000 s
	Fluid subdomains: 1
	Faces fw-nb diff sd:    0
	Time (fw-nb diff sd): 	0.001 s
Time (bcf calc): 		0.006 s
-----------------------------------------------------------------------
Time (bcf total): 		0.013 s
-----------------------------------------------------------------------
-----------------------------------------------------------------------
Mega-cv constructor for fluid...
2D generator ...OK
Convert clusters:
	 0 mega-cv's total
	 0 av's is treated as thin
Relative size generator (threshold = 0.05)...
	Iteration 1 (small cluster count = 4)
	Iteration 2 (small cluster count = 2)
	Iteration 3 (small cluster count = 0)
	 4 mega-cv's generated
	 0 mega-cv's removed
Relative size generator is completed OK (0.001 s)
Apply fa-rules to mega-cv clusters fixes...
OK (0.000 s)
Convert clusters:
	 4 mega-cv's total
Mega-cv count: 4
Time (mega-cv fill): 	0.000 s
Time (mega-cv total): 	0.004 s
-----------------------------------------------------------------------
Mixing plane rotation regions: NO.
Sliding mesh rotation regions: NO.
Fluid/fluid faces: NO.
-----------------------------------------------------------------------
Memory Working Set Current = 29.73 Mb, Memory Working Set Peak = 31.04 Mb
Process Threads Number: 15
-----------------------------------------------------------------------
----------------------------------------------------------
BCF --> BCF.GEOMSUBDOM (bridge arrays):
MESH (0):
	Fluid Subdom Constructor: 1 subdom(s).
	Solid Subdom Constructor: 1 subdom(s).
	Net Asm Subdom Constructor: 0 subdom(s).
	GEOMSUBDOM (0): gi=0 fluid av=859 cv=855 fa=1644 fb=0 fw=1870 V=3.950695e-03
	Cache data...OK
	GEOMSUBDOM (1): gi=1 solid av=64 cv=64 fa=110 fb=0 fw=160 V=1.555738e-04
	Cache data...OK
	Setting nb of w-faces...OK (0.000 s).
	Correcting nb of w-faces...
	Time(correct_fw_nb)=0.000 s

MESH (0) checking:
	GEOMSUBDOM (0):fa_s=0.4989130116883455 fb_s=0.0000000000000000 fw_s=0.4376694763321499 fw_nb=6880
	              :d_const(212)=7.15077e-17 d_linear(225)=1.76805e-15
	GEOMSUBDOM (1):fa_s=0.0242252641924067 fb_s=0.0000000000000000 fw_s=0.0218254716331868 fw_nb=504
	              :d_const(0)=7.7648e-17 d_linear(62)=1.38983e-14
MESH (0) checking: OK.
Time (MDS): 	0.006 s
----------------------------------------------------------
-----------------------------------------------------------------------
Memory Working Set Current = 29.97 Mb, Memory Working Set Peak = 31.04 Mb
Process Threads Number: 15
-----------------------------------------------------------------------

-----------------------------------------------------------------------
BCF CHECKSUM DATA (Mesh 0):

BRICK |Level1| Sum:               0
FACE_A Area Sum:   G.Fluid        0.4989130116883455
FACE_A Area Sum:   G.Solid        0.0242252641924067
FACE_W Area Sum:                  0.4532268605509087
FACE_W Nb   Sum:                  7320
FACE_W min curvatures sum:        0.00000000
FACE_W max curvatures sum:        640.16081429
AV Max Disbalance(Const) :        7.7648e-17 (cid=308, t={22, 0, 18}, avid=861, pid=2)
AV Max Disbalance(Linear):        1.44781e-14 (cid=311, t={28, 0, 18}, avid=311, pid=5)
-----------------------------------------------------------------------


-----------------------------------------------------------------------
MESHER TOPOLOGY DATA:

BRICKS: Total                 891
BRICKS: Fluid                 859
BRICKS: Fluid Partial         32
BRICKS: Type 1                32
BRICKS: Max AV number         2

AV:     G.Total               923
AV:     G.Fluid               859
AV:     G.Solid               64

AV:     G.Fluid Thin Profile    0.00 % (0)
AV:     G.Solid Thin Profile    0.00 % (0)

AV:     G.Fluid Thin For Mega   0.00 % (0)
AV:     G.Solid Thin For Mega   0.00 % (0)

AV:     G.Fluid Non-Convex      0.00 % (0)
AV:     G.Solid Non-Convex      0.00 % (0)

AV:     G.Fluid Non-Ess-Convex      0.00 % (0)
AV:     G.Solid Non-Ess-Convex      0.00 % (0)

FACE_A: G.Fluid          (af) 1644 (partially opened 32)
FACE_A: G.Solid          (as) 110 (partially opened 32)

FACE_B: G.Total          (b)  0

FACE_W: G.Total                 1998        Brick/Bound
FACE_W: G.Fluid/Solid    (fs_g) 32          0           
FACE_W: G.Fluid/Fluid    (ff_g) 0           0           
FACE_W: G.Solid/Solid    (ss_g) 0           0           
FACE_W: G.Fluid/External (fe_g) 1838
FACE_W: G.Solid/External (se_g) 128

AV/CV max fa count (on brick side):2
AV/CV max fw count:                2
AV/CV max fb count:                0
AV/CV max fw poly count:           6

MEMORY: Total                   0.443 MB
MEMORY: Per Brick               0.510 KB
-----------------------------------------------------------------------

-----------------------------------------------------------------------
Connectivities information:
	Number of conns: 0
-----------------------------------------------------------------------
	Time (gap size): 	0.000 s
-----------------------------------------------------------------------
Memory Working Set Current = 30.02 Mb, Memory Working Set Peak = 31.04 Mb
Process Threads Number: 15
-----------------------------------------------------------------------
-----------------------------------------------------------------------
Calculating curvature and tolerance criteria...
Curvature: min=0 (cid=0) max=0.29743 (cid=472)
Tolerance: min=0 (cid=0) max=0.000604748 (cid=540)
Calculating curvature and tolerance criteria takes 0.001 s
-----------------------------------------------------------------------
MESH Build(FS) finished. Time=0.208 s
-----------------------------------------------------------------------
Current CPU = 1 sec

Nx=33
Ny=1
Nz=27
Max BRICK Level=0
Mesh Level=1
-----------------CModelBodies2MeshMapper::CollectData started -------------------------------
	Time (collect mesh base data): 0.001 s.
	Time (collect model bodies mapping): 0.000 s.
	Time (collect positive bodies mapping): 0.000 s.
	Time (collect fluid bodies mapping): 0.001 s.
-----------------CModelBodies2MeshMapper Report -------------------------------
FluidDomains 1 SolidDomains 1 VoidDomains 0 
Domains RefIndexes
----------------- -------------------------------
	ModelBodies
Total resolved Bodies 0 BodySets 0

--------------------------------------------------------------------------
	Positive geometry Bodies
Total resolved Bodies 1 BodySets 1
BodySet 0
	Bodies list:
			#0	Name: ;	ID: 5ee7aede-c05b-45e2-8ddb-c09539f8ce59
	Domains list:		 0 

--------------------------------------------------------------------------
	Fluid regions
Total resolved Bodies 1 BodySets 1
BodySet 0	Material: Air; 
	Bodies list:
			#0	Name: ;	ID: 5ee7aede-c05b-45e2-8ddb-c09539f8ce59
	Domains list:		 0 

--------------------------------------------------------------------------
Collect data takes...0.003 s
-----------------CModelBodies2MeshMapper::CollectData finished successfully-------------------
Saving initial mesh in: C:\Users\emjan\Documents\GitHub\Dissertation_Workspace\CFD\1\1.fld .
Storing results...
	Estimated CPT size=0.160 MB.
	Time (write bcf): 0.012 s
Storing results takes 0.020 s
-----------------------------------------------------------------------
Memory Working Set Current = 30.54 Mb, Memory Working Set Peak = 31.04 Mb
Process Threads Number: 15
-----------------------------------------------------------------------
Cleaning memory...
-----------------------------------------------------------------------
Start to free mesher data...
MMP (msh): locals=1, allc_sz=0.12 MB, used_sz=0.11 MB, blks-min-max=6/6
MMP (brx): locals=12, allc_sz=0.24 MB, used_sz=0.13 MB, blks-min-max=1/2
MMP (bcf): locals=12, allc_sz=0.59 MB, used_sz=0.48 MB, blks-min-max=1/22
MMP (xsl): locals=12, allc_sz=0.19 MB, used_sz=0.00 MB, blks-min-max=1/1
Free xsl...            OK	Time=0.000 s
Free ray collector...  OK	Time=0.000 s
Free ray intersector...OK	Time=0.000 s
Free body sets...      OK	Time=0.001 s
Free Geometry DB takes 0.000 s
Free mesh conn...      OK	Time=0.000 s
Free geomsd...         OK	Time=0.000 s
Free mbricks...        OK	Time=0.000 s
Free hash info...      OK	Time=0.000 s
Free bricks-x...       OK	Time=0.000 s
Free bcf...            OK	Time=0.000 s
Free mesh h...         OK	Time=0.000 s
Free bricks arr..      OK	Time=0.000 s
Free bricks tree...    OK	Time=0.000 s
Free mesh pools...     OK	Time=0.000 s
Free bodies mapper...  OK	Time=0.000 s
Free geom crits...     OK	Time=0.000 s
Free cpt regions...    OK	Time=0.000 s
Free peculiar surfs... OK	Time=0.000 s
Free sw-geometries...  OK	Time=0.000 s
Total free mesher data time: 0.006 s
-----------------------------------------------------------------------
Copying... OK
Mesh generation normally finished at	1.1.2023	18:31:3
Mesher CPU = 1 sec
Mesher is finished at	1.1.2023	18:31:3
-----------------------------------------------------------------------
Memory Working Set Current = 28.14 Mb, Memory Working Set Peak = 31.37 Mb
Process Threads Number: 15
-----------------------------------------------------------------------
Algebra Pool      : mem_usage = 0.06 Mb, allocated count = 0
-----------------------------------------------------------------------
Memory Working Set Current = 28.11 Mb, Memory Working Set Peak = 31.37 Mb
Process Threads Number: 15
-----------------------------------------------------------------------
Log ended at 01.01.2023	18:31:03
